#
# There is insufficient memory for the Java Runtime Environment to continue.
# Native memory allocation (mmap) failed to map 1476395008 bytes for G1 virtual space
# Possible reasons:
#   The system is out of physical RAM or swap space
#   The process is running with CompressedOops enabled, and the Java Heap may be blocking the growth of the native heap
# Possible solutions:
#   Reduce memory load on the system
#   Increase physical memory or swap space
#   Check if swap backing store is full
#   Decrease Java heap size (-Xmx/-Xms)
#   Decrease number of Java threads
#   Decrease Java thread stack sizes (-Xss)
#   Set larger code cache with -XX:ReservedCodeCacheSize=
#   JVM is running with Unscaled Compressed Oops mode in which the Java heap is
#     placed in the first 4GB address space. The Java Heap base address is the
#     maximum limit for the native heap growth. Please use -XX:HeapBaseMinAddress
#     to set the Java Heap base and to place the Java Heap above 4GB virtual address.
# This output file may be truncated or incomplete.
#
#  Out of Memory Error (os_windows.cpp:3466), pid=4800, tid=7964
#
# JRE version: Java(TM) SE Runtime Environment (16.0+36) (build 16+36-2231)
# Java VM: Java HotSpot(TM) 64-Bit Server VM (16+36-2231, mixed mode, sharing, tiered, compressed oops, g1 gc, windows-amd64)
# No core dump will be written. Minidumps are not enabled by default on client versions of Windows
#

---------------  S U M M A R Y ------------

Command Line: -Dfile.encoding=UTF-8 --module-path=C:\Users\Vuk\Documents\NetBeansProjects\CryptChat\build\classes cryptchat.ChatClient

Host: Intel(R) Core(TM) i5 CPU         650  @ 3.20GHz, 4 cores, 5G,  Windows 7 , 64 bit Build 7601 (6.1.7601.18939)
Time: Wed Jun  8 20:47:41 2022 Central Europe Daylight Time elapsed time: 4.614190 seconds (0d 0h 0m 4s)

---------------  T H R E A D  ---------------

Current thread (0x000000001f4fc010):  VMThread "VM Thread" [stack: 0x0000000020510000,0x0000000020610000] [id=7964]

Stack: [0x0000000020510000,0x0000000020610000]
Native frames: (J=compiled Java code, j=interpreted, Vv=VM code, C=native code)
V  [jvm.dll+0x6681da]
V  [jvm.dll+0x7c9d99]
V  [jvm.dll+0x7cb4d3]
V  [jvm.dll+0x7cbb33]
V  [jvm.dll+0x242ee5]
V  [jvm.dll+0x664f99]
V  [jvm.dll+0x659b85]
V  [jvm.dll+0x2fbfcb]
V  [jvm.dll+0x3031c6]
V  [jvm.dll+0x352a0e]
V  [jvm.dll+0x352c3f]
V  [jvm.dll+0x2d3038]
V  [jvm.dll+0x2d69f2]
V  [jvm.dll+0x2d68cd]
V  [jvm.dll+0x315303]
V  [jvm.dll+0x7cff2b]
V  [jvm.dll+0x7d0c24]
V  [jvm.dll+0x7d1129]
V  [jvm.dll+0x7d13e4]
V  [jvm.dll+0x7d14b0]
V  [jvm.dll+0x77952a]
V  [jvm.dll+0x667076]
C  [ucrtbase.DLL+0x1d912]
C  [kernel32.dll+0x15a4d]
C  [ntdll.dll+0x2b831]

VM_Operation (0x000000002297f080): G1CollectForAllocation, mode: safepoint, requested by thread 0x000000001fa25ae0


---------------  P R O C E S S  ---------------

Threads class SMR info:
_java_thread_list=0x0000000024e0c640, length=20, elements={
0x000000001f500f20, 0x000000001f5028b0, 0x000000001fa08b50, 0x000000001fa0c5c0,
0x000000001fa15a90, 0x000000001fa22070, 0x000000001fa2ac10, 0x000000001fa2bdf0,
0x000000001fa40330, 0x000000001fa225c0, 0x000000001fa22b10, 0x000000001fa23060,
0x000000001fa235b0, 0x000000001fa23b00, 0x000000001fa24050, 0x000000001fa245a0,
0x000000001fa25040, 0x000000001fa25590, 0x0000000024e08a60, 0x000000001fa25ae0
}

Java Threads: ( => current thread )
  0x000000001f500f20 JavaThread "Reference Handler" daemon [_thread_blocked, id=7868, stack(0x000000001f570000,0x000000001f670000)]
  0x000000001f5028b0 JavaThread "Finalizer" daemon [_thread_blocked, id=7348, stack(0x00000000206f0000,0x00000000207f0000)]
  0x000000001fa08b50 JavaThread "Signal Dispatcher" daemon [_thread_blocked, id=2800, stack(0x00000000209a0000,0x0000000020aa0000)]
  0x000000001fa0c5c0 JavaThread "Attach Listener" daemon [_thread_blocked, id=716, stack(0x00000000207f0000,0x00000000208f0000)]
  0x000000001fa15a90 JavaThread "Service Thread" daemon [_thread_blocked, id=5284, stack(0x0000000020ab0000,0x0000000020bb0000)]
  0x000000001fa22070 JavaThread "Monitor Deflation Thread" daemon [_thread_blocked, id=5476, stack(0x0000000020c10000,0x0000000020d10000)]
  0x000000001fa2ac10 JavaThread "C2 CompilerThread0" daemon [_thread_blocked, id=7892, stack(0x0000000020dc0000,0x0000000020ec0000)]
  0x000000001fa2bdf0 JavaThread "C1 CompilerThread0" daemon [_thread_blocked, id=7124, stack(0x0000000021020000,0x0000000021120000)]
  0x000000001fa40330 JavaThread "Sweeper thread" daemon [_thread_blocked, id=7204, stack(0x0000000021270000,0x0000000021370000)]
  0x000000001fa225c0 JavaThread "Common-Cleaner" daemon [_thread_blocked, id=7568, stack(0x0000000021380000,0x0000000021480000)]
  0x000000001fa22b10 JavaThread "Notification Thread" daemon [_thread_blocked, id=7588, stack(0x0000000021ad0000,0x0000000021bd0000)]
  0x000000001fa23060 JavaThread "Java2D Disposer" daemon [_thread_blocked, id=7592, stack(0x0000000021120000,0x0000000021220000)]
  0x000000001fa235b0 JavaThread "AWT-Shutdown" [_thread_blocked, id=6616, stack(0x0000000021c60000,0x0000000021d60000)]
  0x000000001fa23b00 JavaThread "AWT-Windows" daemon [_thread_blocked, id=7364, stack(0x0000000021ec0000,0x0000000021fc0000)]
  0x000000001fa24050 JavaThread "AWT-EventQueue-0" [_thread_blocked, id=7320, stack(0x0000000022d50000,0x0000000022e50000)]
  0x000000001fa245a0 JavaThread "DestroyJavaVM" [_thread_blocked, id=6428, stack(0x0000000002180000,0x0000000002280000)]
  0x000000001fa25040 JavaThread "D3D Screen Updater" daemon [_thread_blocked, id=8056, stack(0x00000000260d0000,0x00000000261d0000)]
  0x000000001fa25590 JavaThread "TimerQueue" daemon [_thread_blocked, id=4332, stack(0x0000000028620000,0x0000000028720000)]
  0x0000000024e08a60 JavaThread "C2 CompilerThread1" daemon [_thread_blocked, id=2204, stack(0x0000000022190000,0x0000000022290000)]
  0x000000001fa25ae0 JavaThread "Thread-0" [_thread_blocked, id=4628, stack(0x0000000022880000,0x0000000022980000)]

Other Threads:
=>0x000000001f4fc010 VMThread "VM Thread" [stack: 0x0000000020510000,0x0000000020610000] [id=7964]
  0x0000000000395300 WatcherThread [stack: 0x0000000020410000,0x0000000020510000] [id=7776]
  0x00000000003cc540 GCTaskThread "GC Thread#0" [stack: 0x000000001cb90000,0x000000001cc90000] [id=2740]
  0x0000000024e74d40 GCTaskThread "GC Thread#1" [stack: 0x0000000021fd0000,0x00000000220d0000] [id=6688]
  0x0000000024dfc940 GCTaskThread "GC Thread#2" [stack: 0x0000000022390000,0x0000000022490000] [id=7884]
  0x0000000024e730c0 GCTaskThread "GC Thread#3" [stack: 0x0000000022530000,0x0000000022630000] [id=4856]
  0x00000000003db150 ConcurrentGCThread "G1 Main Marker" [stack: 0x000000001ce70000,0x000000001cf70000] [id=6632]
  0x00000000003de710 ConcurrentGCThread "G1 Conc#0" [stack: 0x000000001cfe0000,0x000000001d0e0000] [id=4952]
  0x000000001f430080 ConcurrentGCThread "G1 Refine#0" [stack: 0x000000001f690000,0x000000001f790000] [id=7288]
  0x0000000024e1c5b0 ConcurrentGCThread "G1 Refine#1" [stack: 0x0000000022760000,0x0000000022860000] [id=2996]
  0x000000000041f1f0 ConcurrentGCThread "G1 Service" [stack: 0x000000001f880000,0x000000001f980000] [id=3272]

Threads with active compile tasks:
C2 CompilerThread1     4913 1510       4       java.math.BigInteger::add (123 bytes)

VM state: at safepoint (normal execution)

VM Mutex/Monitor currently owned by a thread:  ([mutex/lock_event])
[0x0000000000385e70] Threads_lock - owner thread: 0x000000001f4fc010
[0x0000000000390260] Heap_lock - owner thread: 0x000000001fa25ae0

Heap address: 0x00000000a2200000, size: 1502 MB, Compressed Oops mode: 32-bit
CDS archive(s) mapped at: [0x0000000800000000-0x0000000800bb0000-0x0000000800bb0000), size 12255232, SharedBaseAddress: 0x0000000800000000, ArchiveRelocationMode: 0.
Compressed class space mapped at: 0x0000000800c00000-0x0000000840c00000, reserved size: 1073741824
Narrow klass base: 0x0000000800000000, Narrow klass shift: 3, Narrow klass range: 0x100000000

GC Precious Log:
 CPUs: 4 total, 4 available
 Memory: 6006M
 Large Page Support: Disabled
 NUMA Support: Disabled
 Compressed Oops: Enabled (32-bit)
 Heap Region Size: 1M
 Heap Min Capacity: 8M
 Heap Initial Capacity: 94M
 Heap Max Capacity: 1502M
 Pre-touch: Disabled
 Parallel Workers: 4
 Concurrent Workers: 1
 Concurrent Refinement Workers: 4
 Periodic GC: Disabled

Heap:
 garbage-first heap   total 96256K, used 3453K [0x00000000a2200000, 0x0000000100000000)
  region size 1024K, 1 young (1024K), 1 survivors (1024K)
 Metaspace       used 12118K, committed 12352K, reserved 1064960K
  class space    used 1382K, committed 1472K, reserved 1048576K

Heap Regions: E=young(eden), S=young(survivor), O=old, HS=humongous(starts), HC=humongous(continues), CS=collection set, F=free, OA=open archive, CA=closed archive, TAMS=top-at-mark-start (previous, next)
|   0|0x00000000a2200000, 0x00000000a2300000, 0x00000000a2300000|100%| O|  |TAMS 0x00000000a2200000, 0x00000000a2300000| Untracked 
|   1|0x00000000a2300000, 0x00000000a2400000, 0x00000000a2400000|100%| O|  |TAMS 0x00000000a2300000, 0x00000000a2400000| Untracked 
|   2|0x00000000a2400000, 0x00000000a2500000, 0x00000000a2500000|100%| O|  |TAMS 0x00000000a2400000, 0x00000000a2500000| Untracked 
|   3|0x00000000a2500000, 0x00000000a2551000, 0x00000000a2600000| 31%| O|  |TAMS 0x00000000a2500000, 0x00000000a2551000| Untracked 
|   4|0x00000000a2600000, 0x00000000a2600000, 0x00000000a2700000|  0%| F|  |TAMS 0x00000000a2600000, 0x00000000a2600000| Untracked 
|   5|0x00000000a2700000, 0x00000000a2700000, 0x00000000a2800000|  0%| F|  |TAMS 0x00000000a2700000, 0x00000000a2700000| Untracked 
|   6|0x00000000a2800000, 0x00000000a2800000, 0x00000000a2900000|  0%| F|  |TAMS 0x00000000a2800000, 0x00000000a2800000| Untracked 
|   7|0x00000000a2900000, 0x00000000a2900000, 0x00000000a2a00000|  0%| F|  |TAMS 0x00000000a2900000, 0x00000000a2900000| Untracked 
|   8|0x00000000a2a00000, 0x00000000a2a00000, 0x00000000a2b00000|  0%| F|  |TAMS 0x00000000a2a00000, 0x00000000a2a00000| Untracked 
|   9|0x00000000a2b00000, 0x00000000a2b00000, 0x00000000a2c00000|  0%| F|  |TAMS 0x00000000a2b00000, 0x00000000a2b00000| Untracked 
|  10|0x00000000a2c00000, 0x00000000a2c00000, 0x00000000a2d00000|  0%| F|  |TAMS 0x00000000a2c00000, 0x00000000a2c00000| Untracked 
|  11|0x00000000a2d00000, 0x00000000a2d00000, 0x00000000a2e00000|  0%| F|  |TAMS 0x00000000a2d00000, 0x00000000a2d00000| Untracked 
|  12|0x00000000a2e00000, 0x00000000a2e00000, 0x00000000a2f00000|  0%| F|  |TAMS 0x00000000a2e00000, 0x00000000a2e00000| Untracked 
|  13|0x00000000a2f00000, 0x00000000a2f00000, 0x00000000a3000000|  0%| F|  |TAMS 0x00000000a2f00000, 0x00000000a2f00000| Untracked 
|  14|0x00000000a3000000, 0x00000000a3000000, 0x00000000a3100000|  0%| F|  |TAMS 0x00000000a3000000, 0x00000000a3000000| Untracked 
|  15|0x00000000a3100000, 0x00000000a3100000, 0x00000000a3200000|  0%| F|  |TAMS 0x00000000a3100000, 0x00000000a3100000| Untracked 
|  16|0x00000000a3200000, 0x00000000a3200000, 0x00000000a3300000|  0%| F|  |TAMS 0x00000000a3200000, 0x00000000a3200000| Untracked 
|  17|0x00000000a3300000, 0x00000000a3300000, 0x00000000a3400000|  0%| F|  |TAMS 0x00000000a3300000, 0x00000000a3300000| Untracked 
|  18|0x00000000a3400000, 0x00000000a3400000, 0x00000000a3500000|  0%| F|  |TAMS 0x00000000a3400000, 0x00000000a3400000| Untracked 
|  19|0x00000000a3500000, 0x00000000a3500000, 0x00000000a3600000|  0%| F|  |TAMS 0x00000000a3500000, 0x00000000a3500000| Untracked 
|  20|0x00000000a3600000, 0x00000000a3600000, 0x00000000a3700000|  0%| F|  |TAMS 0x00000000a3600000, 0x00000000a3600000| Untracked 
|  21|0x00000000a3700000, 0x00000000a3700000, 0x00000000a3800000|  0%| F|  |TAMS 0x00000000a3700000, 0x00000000a3700000| Untracked 
|  22|0x00000000a3800000, 0x00000000a3800000, 0x00000000a3900000|  0%| F|  |TAMS 0x00000000a3800000, 0x00000000a3800000| Untracked 
|  23|0x00000000a3900000, 0x00000000a3900000, 0x00000000a3a00000|  0%| F|  |TAMS 0x00000000a3900000, 0x00000000a3900000| Untracked 
|  24|0x00000000a3a00000, 0x00000000a3a00000, 0x00000000a3b00000|  0%| F|  |TAMS 0x00000000a3a00000, 0x00000000a3a00000| Untracked 
|  25|0x00000000a3b00000, 0x00000000a3b00000, 0x00000000a3c00000|  0%| F|  |TAMS 0x00000000a3b00000, 0x00000000a3b00000| Untracked 
|  26|0x00000000a3c00000, 0x00000000a3c00000, 0x00000000a3d00000|  0%| F|  |TAMS 0x00000000a3c00000, 0x00000000a3c00000| Untracked 
|  27|0x00000000a3d00000, 0x00000000a3d00000, 0x00000000a3e00000|  0%| F|  |TAMS 0x00000000a3d00000, 0x00000000a3d00000| Untracked 
|  28|0x00000000a3e00000, 0x00000000a3e00000, 0x00000000a3f00000|  0%| F|  |TAMS 0x00000000a3e00000, 0x00000000a3e00000| Untracked 
|  29|0x00000000a3f00000, 0x00000000a3f00000, 0x00000000a4000000|  0%| F|  |TAMS 0x00000000a3f00000, 0x00000000a3f00000| Untracked 
|  30|0x00000000a4000000, 0x00000000a4000000, 0x00000000a4100000|  0%| F|  |TAMS 0x00000000a4000000, 0x00000000a4000000| Untracked 
|  31|0x00000000a4100000, 0x00000000a4100000, 0x00000000a4200000|  0%| F|  |TAMS 0x00000000a4100000, 0x00000000a4100000| Untracked 
|  32|0x00000000a4200000, 0x00000000a4200000, 0x00000000a4300000|  0%| F|  |TAMS 0x00000000a4200000, 0x00000000a4200000| Untracked 
|  33|0x00000000a4300000, 0x00000000a4300000, 0x00000000a4400000|  0%| F|  |TAMS 0x00000000a4300000, 0x00000000a4300000| Untracked 
|  34|0x00000000a4400000, 0x00000000a4400000, 0x00000000a4500000|  0%| F|  |TAMS 0x00000000a4400000, 0x00000000a4400000| Untracked 
|  35|0x00000000a4500000, 0x00000000a4500000, 0x00000000a4600000|  0%| F|  |TAMS 0x00000000a4500000, 0x00000000a4500000| Untracked 
|  36|0x00000000a4600000, 0x00000000a4600000, 0x00000000a4700000|  0%| F|  |TAMS 0x00000000a4600000, 0x00000000a4600000| Untracked 
|  37|0x00000000a4700000, 0x00000000a4700000, 0x00000000a4800000|  0%| F|  |TAMS 0x00000000a4700000, 0x00000000a4700000| Untracked 
|  38|0x00000000a4800000, 0x00000000a4800000, 0x00000000a4900000|  0%| F|  |TAMS 0x00000000a4800000, 0x00000000a4800000| Untracked 
|  39|0x00000000a4900000, 0x00000000a4900000, 0x00000000a4a00000|  0%| F|  |TAMS 0x00000000a4900000, 0x00000000a4900000| Untracked 
|  40|0x00000000a4a00000, 0x00000000a4a00000, 0x00000000a4b00000|  0%| F|  |TAMS 0x00000000a4a00000, 0x00000000a4a00000| Untracked 
|  41|0x00000000a4b00000, 0x00000000a4b00000, 0x00000000a4c00000|  0%| F|  |TAMS 0x00000000a4b00000, 0x00000000a4b00000| Untracked 
|  42|0x00000000a4c00000, 0x00000000a4c00000, 0x00000000a4d00000|  0%| F|  |TAMS 0x00000000a4c00000, 0x00000000a4c00000| Untracked 
|  43|0x00000000a4d00000, 0x00000000a4d00000, 0x00000000a4e00000|  0%| F|  |TAMS 0x00000000a4d00000, 0x00000000a4d00000| Untracked 
|  44|0x00000000a4e00000, 0x00000000a4e00000, 0x00000000a4f00000|  0%| F|  |TAMS 0x00000000a4e00000, 0x00000000a4e00000| Untracked 
|  45|0x00000000a4f00000, 0x00000000a4f00000, 0x00000000a5000000|  0%| F|  |TAMS 0x00000000a4f00000, 0x00000000a4f00000| Untracked 
|  46|0x00000000a5000000, 0x00000000a5000000, 0x00000000a5100000|  0%| F|  |TAMS 0x00000000a5000000, 0x00000000a5000000| Untracked 
|  47|0x00000000a5100000, 0x00000000a5100000, 0x00000000a5200000|  0%| F|  |TAMS 0x00000000a5100000, 0x00000000a5100000| Untracked 
|  48|0x00000000a5200000, 0x00000000a5200000, 0x00000000a5300000|  0%| F|  |TAMS 0x00000000a5200000, 0x00000000a5200000| Untracked 
|  49|0x00000000a5300000, 0x00000000a5300000, 0x00000000a5400000|  0%| F|  |TAMS 0x00000000a5300000, 0x00000000a5300000| Untracked 
|  50|0x00000000a5400000, 0x00000000a5400000, 0x00000000a5500000|  0%| F|  |TAMS 0x00000000a5400000, 0x00000000a5400000| Untracked 
|  51|0x00000000a5500000, 0x00000000a5500000, 0x00000000a5600000|  0%| F|  |TAMS 0x00000000a5500000, 0x00000000a5500000| Untracked 
|  52|0x00000000a5600000, 0x00000000a5600000, 0x00000000a5700000|  0%| F|  |TAMS 0x00000000a5600000, 0x00000000a5600000| Untracked 
|  53|0x00000000a5700000, 0x00000000a5700000, 0x00000000a5800000|  0%| F|  |TAMS 0x00000000a5700000, 0x00000000a5700000| Untracked 
|  54|0x00000000a5800000, 0x00000000a5800000, 0x00000000a5900000|  0%| F|  |TAMS 0x00000000a5800000, 0x00000000a5800000| Untracked 
|  55|0x00000000a5900000, 0x00000000a5900000, 0x00000000a5a00000|  0%| F|  |TAMS 0x00000000a5900000, 0x00000000a5900000| Untracked 
|  56|0x00000000a5a00000, 0x00000000a5a00000, 0x00000000a5b00000|  0%| F|  |TAMS 0x00000000a5a00000, 0x00000000a5a00000| Untracked 
|  57|0x00000000a5b00000, 0x00000000a5b00000, 0x00000000a5c00000|  0%| F|  |TAMS 0x00000000a5b00000, 0x00000000a5b00000| Untracked 
|  58|0x00000000a5c00000, 0x00000000a5c00000, 0x00000000a5d00000|  0%| F|  |TAMS 0x00000000a5c00000, 0x00000000a5c00000| Untracked 
|  59|0x00000000a5d00000, 0x00000000a5d00000, 0x00000000a5e00000|  0%| F|  |TAMS 0x00000000a5d00000, 0x00000000a5d00000| Untracked 
|  60|0x00000000a5e00000, 0x00000000a5e00000, 0x00000000a5f00000|  0%| F|  |TAMS 0x00000000a5e00000, 0x00000000a5e00000| Untracked 
|  61|0x00000000a5f00000, 0x00000000a5f00000, 0x00000000a6000000|  0%| F|  |TAMS 0x00000000a5f00000, 0x00000000a5f00000| Untracked 
|  62|0x00000000a6000000, 0x00000000a6000000, 0x00000000a6100000|  0%| F|  |TAMS 0x00000000a6000000, 0x00000000a6000000| Untracked 
|  63|0x00000000a6100000, 0x00000000a6100000, 0x00000000a6200000|  0%| F|  |TAMS 0x00000000a6100000, 0x00000000a6100000| Untracked 
|  64|0x00000000a6200000, 0x00000000a6200000, 0x00000000a6300000|  0%| F|  |TAMS 0x00000000a6200000, 0x00000000a6200000| Untracked 
|  65|0x00000000a6300000, 0x00000000a6300000, 0x00000000a6400000|  0%| F|  |TAMS 0x00000000a6300000, 0x00000000a6300000| Untracked 
|  66|0x00000000a6400000, 0x00000000a6400000, 0x00000000a6500000|  0%| F|  |TAMS 0x00000000a6400000, 0x00000000a6400000| Untracked 
|  67|0x00000000a6500000, 0x00000000a6500000, 0x00000000a6600000|  0%| F|  |TAMS 0x00000000a6500000, 0x00000000a6500000| Untracked 
|  68|0x00000000a6600000, 0x00000000a6600000, 0x00000000a6700000|  0%| F|  |TAMS 0x00000000a6600000, 0x00000000a6600000| Untracked 
|  69|0x00000000a6700000, 0x00000000a6700000, 0x00000000a6800000|  0%| F|  |TAMS 0x00000000a6700000, 0x00000000a6700000| Untracked 
|  70|0x00000000a6800000, 0x00000000a6800000, 0x00000000a6900000|  0%| F|  |TAMS 0x00000000a6800000, 0x00000000a6800000| Untracked 
|  71|0x00000000a6900000, 0x00000000a6900000, 0x00000000a6a00000|  0%| F|  |TAMS 0x00000000a6900000, 0x00000000a6900000| Untracked 
|  72|0x00000000a6a00000, 0x00000000a6a00000, 0x00000000a6b00000|  0%| F|  |TAMS 0x00000000a6a00000, 0x00000000a6a00000| Untracked 
|  73|0x00000000a6b00000, 0x00000000a6b00000, 0x00000000a6c00000|  0%| F|  |TAMS 0x00000000a6b00000, 0x00000000a6b00000| Untracked 
|  74|0x00000000a6c00000, 0x00000000a6c00000, 0x00000000a6d00000|  0%| F|  |TAMS 0x00000000a6c00000, 0x00000000a6c00000| Untracked 
|  75|0x00000000a6d00000, 0x00000000a6d00000, 0x00000000a6e00000|  0%| F|  |TAMS 0x00000000a6d00000, 0x00000000a6d00000| Untracked 
|  76|0x00000000a6e00000, 0x00000000a6e00000, 0x00000000a6f00000|  0%| F|  |TAMS 0x00000000a6e00000, 0x00000000a6e00000| Untracked 
|  77|0x00000000a6f00000, 0x00000000a6f00000, 0x00000000a7000000|  0%| F|  |TAMS 0x00000000a6f00000, 0x00000000a6f00000| Untracked 
|  78|0x00000000a7000000, 0x00000000a7000000, 0x00000000a7100000|  0%| F|  |TAMS 0x00000000a7000000, 0x00000000a7000000| Untracked 
|  79|0x00000000a7100000, 0x00000000a7100000, 0x00000000a7200000|  0%| F|  |TAMS 0x00000000a7100000, 0x00000000a7100000| Untracked 
|  80|0x00000000a7200000, 0x00000000a7200000, 0x00000000a7300000|  0%| F|  |TAMS 0x00000000a7200000, 0x00000000a7200000| Untracked 
|  81|0x00000000a7300000, 0x00000000a7300000, 0x00000000a7400000|  0%| F|  |TAMS 0x00000000a7300000, 0x00000000a7300000| Untracked 
|  82|0x00000000a7400000, 0x00000000a7400000, 0x00000000a7500000|  0%| F|  |TAMS 0x00000000a7400000, 0x00000000a7400000| Untracked 
|  83|0x00000000a7500000, 0x00000000a7500000, 0x00000000a7600000|  0%| F|  |TAMS 0x00000000a7500000, 0x00000000a7500000| Untracked 
|  84|0x00000000a7600000, 0x00000000a7600000, 0x00000000a7700000|  0%| F|  |TAMS 0x00000000a7600000, 0x00000000a7600000| Untracked 
|  85|0x00000000a7700000, 0x00000000a7700000, 0x00000000a7800000|  0%| F|  |TAMS 0x00000000a7700000, 0x00000000a7700000| Untracked 
|  86|0x00000000a7800000, 0x00000000a7800000, 0x00000000a7900000|  0%| F|  |TAMS 0x00000000a7800000, 0x00000000a7800000| Untracked 
|  87|0x00000000a7900000, 0x00000000a7900000, 0x00000000a7a00000|  0%| F|  |TAMS 0x00000000a7900000, 0x00000000a7900000| Untracked 
|  88|0x00000000a7a00000, 0x00000000a7a00000, 0x00000000a7b00000|  0%| F|  |TAMS 0x00000000a7a00000, 0x00000000a7a00000| Untracked 
|  89|0x00000000a7b00000, 0x00000000a7b00000, 0x00000000a7c00000|  0%| F|  |TAMS 0x00000000a7b00000, 0x00000000a7b00000| Untracked 
|  90|0x00000000a7c00000, 0x00000000a7c00000, 0x00000000a7d00000|  0%| F|  |TAMS 0x00000000a7c00000, 0x00000000a7c00000| Untracked 
|  91|0x00000000a7d00000, 0x00000000a7d00000, 0x00000000a7e00000|  0%| F|  |TAMS 0x00000000a7d00000, 0x00000000a7d00000| Untracked 
|  92|0x00000000a7e00000, 0x00000000a7e00000, 0x00000000a7f00000|  0%| F|  |TAMS 0x00000000a7e00000, 0x00000000a7e00000| Untracked 
|  93|0x00000000a7f00000, 0x00000000a7f0e6a0, 0x00000000a8000000|  5%| S|CS|TAMS 0x00000000a7f00000, 0x00000000a7f00000| Complete 

Card table byte_map: [0x0000000019640000,0x0000000019930000] _byte_map_base: 0x000000001912f000

Marking Bits (Prev, Next): (CMBitMap*) 0x00000000003ceb40, (CMBitMap*) 0x00000000003ceb80
 Prev Bits: [0x0000000019c20000, 0x000000001b398000)
 Next Bits: [0x000000001b3a0000, 0x000000001cb18000)

Polling page: 0x0000000000440000

Metaspace:

Usage:
  Non-class:     10.48 MB used.
      Class:      1.35 MB used.
       Both:     11.83 MB used.

Virtual space:
  Non-class space:       16.00 MB reserved,      10.63 MB ( 66%) committed,  2 nodes.
      Class space:        1.00 GB reserved,       1.44 MB ( <1%) committed,  1 nodes.
              Both:        1.02 GB reserved,      12.06 MB (  1%) committed. 

Chunk freelists:
   Non-Class:  1008.00 KB
       Class:  2.60 MB
        Both:  3.59 MB

MaxMetaspaceSize: 17179869184.00 GB
CompressedClassSpaceSize: 1.00 GB
 - commit_granule_bytes: 65536.
 - commit_granule_words: 8192.
 - virtual_space_node_default_size: 1048576.
 - enlarge_chunks_in_place: 1.
 - new_chunks_are_fully_committed: 0.
 - uncommit_free_chunks: 1.
 - use_allocation_guard: 0.
 - handle_deallocations: 1.


Internal statistics:

num_allocs_failed_limit: 0.
num_arena_births: 132.
num_arena_deaths: 0.
num_vsnodes_births: 3.
num_vsnodes_deaths: 0.
num_space_committed: 193.
num_space_uncommitted: 0.
num_chunks_returned_to_freelist: 0.
num_chunks_taken_from_freelist: 179.
num_chunk_merges: 0.
num_chunk_splits: 107.
num_chunks_enlarged: 57.
num_purges: 0.

CodeHeap 'non-profiled nmethods': size=120000Kb used=642Kb max_used=642Kb free=119357Kb
 bounds [0x00000000118f0000, 0x0000000011b60000, 0x0000000018e20000]
CodeHeap 'profiled nmethods': size=120000Kb used=2691Kb max_used=2691Kb free=117308Kb
 bounds [0x000000000a3c0000, 0x000000000a670000, 0x00000000118f0000]
CodeHeap 'non-nmethods': size=5760Kb used=1327Kb max_used=1367Kb free=4432Kb
 bounds [0x0000000009e20000, 0x000000000a090000, 0x000000000a3c0000]
 total_blobs=2240 nmethods=1573 adapters=581
 compilation: enabled
              stopped_count=0, restarted_count=0
 full_count=0

Compilation events (20 events):
Event: 4.450 Thread 0x000000001fa2bdf0 nmethod 1570 0x000000000a65d190 code [0x000000000a65d340, 0x000000000a65d4d8]
Event: 4.450 Thread 0x000000001fa2bdf0 1571       3       sun.swing.SwingUtilities2::getFRCProperty (38 bytes)
Event: 4.451 Thread 0x000000001fa2bdf0 nmethod 1571 0x000000000a65d590 code [0x000000000a65d780, 0x000000000a65db88]
Event: 4.451 Thread 0x000000001fa2bdf0 1572       3       sun.swing.SwingUtilities2::getFRCFromCache (128 bytes)
Event: 4.451 Thread 0x000000001fa2bdf0 nmethod 1572 0x000000000a65dd10 code [0x000000000a65df80, 0x000000000a65eba8]
Event: 4.451 Thread 0x000000001fa2bdf0 1573       3       sun.swing.SwingUtilities2$KeyPair::<init> (15 bytes)
Event: 4.452 Thread 0x000000001fa2bdf0 nmethod 1573 0x000000000a65ef10 code [0x000000000a65f0c0, 0x000000000a65f2d8]
Event: 4.452 Thread 0x000000001fa2bdf0 1574       3       sun.swing.SwingUtilities2$KeyPair::hashCode (19 bytes)
Event: 4.452 Thread 0x000000001fa2bdf0 nmethod 1574 0x000000000a65f390 code [0x000000000a65f540, 0x000000000a65f818]
Event: 4.453 Thread 0x000000001fa2bdf0 1575       1       javax.swing.RepaintManager::isDoubleBufferingEnabled (5 bytes)
Event: 4.453 Thread 0x000000001fa2bdf0 nmethod 1575 0x000000001198e110 code [0x000000001198e2a0, 0x000000001198e378]
Event: 4.453 Thread 0x000000001fa2bdf0 1576       3       java.awt.Component::getBackground (29 bytes)
Event: 4.454 Thread 0x000000001fa2bdf0 nmethod 1576 0x000000000a65f910 code [0x000000000a65fae0, 0x000000000a65fda8]
Event: 4.454 Thread 0x000000001fa2bdf0 1577       3       sun.font.CompositeGlyphMapper::getCachedGlyphCode (32 bytes)
Event: 4.454 Thread 0x000000001fa2bdf0 nmethod 1577 0x000000000a65fe90 code [0x000000000a660040, 0x000000000a660278]
Event: 4.455 Thread 0x000000001fa2bdf0 1578   !   3       sun.font.FileFontStrike::getCachedGlyphPtr (27 bytes)
Event: 4.455 Thread 0x000000001fa2bdf0 nmethod 1578 0x000000000a660390 code [0x000000000a6605a0, 0x000000000a660b58]
Event: 4.487 Thread 0x000000001fa2ac10 nmethod 1509 0x000000001198e410 code [0x000000001198e680, 0x000000001198fb88]
Event: 4.488 Thread 0x000000001fa2ac10 1546       4       sun.java2d.pipe.RenderBuffer::position (11 bytes)
Event: 4.488 Thread 0x000000001fa2ac10 nmethod 1546 0x0000000011990790 code [0x0000000011990900, 0x0000000011990978]

GC Heap History (8 events):
Event: 3.923 GC heap before
{Heap before GC invocations=0 (full 0):
 garbage-first heap   total 96256K, used 12288K [0x00000000a2200000, 0x0000000100000000)
  region size 1024K, 13 young (13312K), 0 survivors (0K)
 Metaspace       used 11627K, committed 11904K, reserved 1064960K
  class space    used 1333K, committed 1472K, reserved 1048576K
}
Event: 3.929 GC heap after
{Heap after GC invocations=1 (full 0):
 garbage-first heap   total 96256K, used 3342K [0x00000000a2200000, 0x0000000100000000)
  region size 1024K, 2 young (2048K), 2 survivors (2048K)
 Metaspace       used 11627K, committed 11904K, reserved 1064960K
  class space    used 1333K, committed 1472K, reserved 1048576K
}
Event: 4.095 GC heap before
{Heap before GC invocations=1 (full 0):
 garbage-first heap   total 96256K, used 17678K [0x00000000a2200000, 0x0000000100000000)
  region size 1024K, 16 young (16384K), 2 survivors (2048K)
 Metaspace       used 11642K, committed 11904K, reserved 1064960K
  class space    used 1333K, committed 1472K, reserved 1048576K
}
Event: 4.099 GC heap after
{Heap after GC invocations=2 (full 0):
 garbage-first heap   total 96256K, used 3542K [0x00000000a2200000, 0x0000000100000000)
  region size 1024K, 1 young (1024K), 1 survivors (1024K)
 Metaspace       used 11642K, committed 11904K, reserved 1064960K
  class space    used 1333K, committed 1472K, reserved 1048576K
}
Event: 4.489 GC heap before
{Heap before GC invocations=2 (full 0):
 garbage-first heap   total 96256K, used 22998K [0x00000000a2200000, 0x0000000100000000)
  region size 1024K, 21 young (21504K), 1 survivors (1024K)
 Metaspace       used 12118K, committed 12352K, reserved 1064960K
  class space    used 1382K, committed 1472K, reserved 1048576K
}
Event: 4.490 GC heap after
{Heap after GC invocations=3 (full 0):
 garbage-first heap   total 96256K, used 3469K [0x00000000a2200000, 0x0000000100000000)
  region size 1024K, 1 young (1024K), 1 survivors (1024K)
 Metaspace       used 12118K, committed 12352K, reserved 1064960K
  class space    used 1382K, committed 1472K, reserved 1048576K
}
Event: 4.490 GC heap before
{Heap before GC invocations=3 (full 0):
 garbage-first heap   total 96256K, used 3469K [0x00000000a2200000, 0x0000000100000000)
  region size 1024K, 1 young (1024K), 1 survivors (1024K)
 Metaspace       used 12118K, committed 12352K, reserved 1064960K
  class space    used 1382K, committed 1472K, reserved 1048576K
}
Event: 4.491 GC heap after
{Heap after GC invocations=4 (full 0):
 garbage-first heap   total 96256K, used 3453K [0x00000000a2200000, 0x0000000100000000)
  region size 1024K, 1 young (1024K), 1 survivors (1024K)
 Metaspace       used 12118K, committed 12352K, reserved 1064960K
  class space    used 1382K, committed 1472K, reserved 1048576K
}

Deoptimization events (20 events):
Event: 4.336 Thread 0x000000001fa24050 DEOPT PACKING pc=0x000000000a6120f9 sp=0x0000000022e4db70
Event: 4.336 Thread 0x000000001fa24050 DEOPT UNPACKING pc=0x0000000009e6deaf sp=0x0000000022e4d088 mode 0
Event: 4.350 Thread 0x000000001fa24050 DEOPT PACKING pc=0x000000000a6120f9 sp=0x0000000022e4db70
Event: 4.350 Thread 0x000000001fa24050 DEOPT UNPACKING pc=0x0000000009e6deaf sp=0x0000000022e4d088 mode 0
Event: 4.362 Thread 0x000000001fa24050 DEOPT PACKING pc=0x000000000a6120f9 sp=0x0000000022e4db70
Event: 4.362 Thread 0x000000001fa24050 DEOPT UNPACKING pc=0x0000000009e6deaf sp=0x0000000022e4d088 mode 0
Event: 4.378 Thread 0x000000001fa24050 DEOPT PACKING pc=0x000000000a6120f9 sp=0x0000000022e4db70
Event: 4.378 Thread 0x000000001fa24050 DEOPT UNPACKING pc=0x0000000009e6deaf sp=0x0000000022e4d088 mode 0
Event: 4.407 Thread 0x000000001fa24050 Uncommon trap: trap_request=0xffffff45 fr.pc=0x000000001197d418 relative=0x0000000000002498
Event: 4.407 Thread 0x000000001fa24050 Uncommon trap: reason=unstable_if action=reinterpret pc=0x000000001197d418 method=java.math.MutableBigInteger.divideMagnitude(Ljava/math/MutableBigInteger;Ljava/math/MutableBigInteger;Z)Ljava/math/MutableBigInteger; @ 1277 c2
Event: 4.407 Thread 0x000000001fa24050 DEOPT PACKING pc=0x000000001197d418 sp=0x0000000022e4dcd0
Event: 4.407 Thread 0x000000001fa24050 DEOPT UNPACKING pc=0x0000000009e6d728 sp=0x0000000022e4dc50 mode 2
Event: 4.408 Thread 0x000000001fa24050 Uncommon trap: trap_request=0xffffff45 fr.pc=0x0000000011974720 relative=0x0000000000000300
Event: 4.408 Thread 0x000000001fa24050 Uncommon trap: reason=unstable_if action=reinterpret pc=0x0000000011974720 method=java.math.MutableBigInteger.getMagnitudeArray()[I @ 16 c2
Event: 4.408 Thread 0x000000001fa24050 DEOPT PACKING pc=0x0000000011974720 sp=0x0000000022e4df10
Event: 4.408 Thread 0x000000001fa24050 DEOPT UNPACKING pc=0x0000000009e6d728 sp=0x0000000022e4ded8 mode 2
Event: 4.436 Thread 0x000000001fa25ae0 Uncommon trap: trap_request=0xffffff45 fr.pc=0x000000001194e274 relative=0x00000000000004b4
Event: 4.436 Thread 0x000000001fa25ae0 Uncommon trap: reason=unstable_if action=reinterpret pc=0x000000001194e274 method=java.lang.StringLatin1.newString([BII)Ljava/lang/String; @ 1 c2
Event: 4.436 Thread 0x000000001fa25ae0 DEOPT PACKING pc=0x000000001194e274 sp=0x000000002297ed90
Event: 4.436 Thread 0x000000001fa25ae0 DEOPT UNPACKING pc=0x0000000009e6d728 sp=0x000000002297ecf0 mode 2

Classes unloaded (0 events):
No events

Classes redefined (0 events):
No events

Internal exceptions (20 events):
Event: 0.455 Thread 0x00000000003934f0 Exception <a 'java/lang/ClassNotFoundException'{0x00000000a7abbf00}: ToolBar> (0x00000000a7abbf00) 
thrown [t:\workspace\open\src\hotspot\share\classfile\systemDictionary.cpp, line 256]
Event: 0.455 Thread 0x00000000003934f0 Exception <a 'java/lang/ClassNotFoundException'{0x00000000a7abc270}: ToggleButton> (0x00000000a7abc270) 
thrown [t:\workspace\open\src\hotspot\share\classfile\systemDictionary.cpp, line 256]
Event: 0.455 Thread 0x00000000003934f0 Exception <a 'java/lang/ClassNotFoundException'{0x00000000a7abc6b0}: javax/swing/JToolBarSeparator> (0x00000000a7abc6b0) 
thrown [t:\workspace\open\src\hotspot\share\classfile\systemDictionary.cpp, line 256]
Event: 0.455 Thread 0x00000000003934f0 Exception <a 'java/lang/ClassNotFoundException'{0x00000000a7abc9b8}: ToolBarSeparator> (0x00000000a7abc9b8) 
thrown [t:\workspace\open\src\hotspot\share\classfile\systemDictionary.cpp, line 256]
Event: 0.455 Thread 0x00000000003934f0 Exception <a 'java/lang/ClassNotFoundException'{0x00000000a7abced0}: ToolTip> (0x00000000a7abced0) 
thrown [t:\workspace\open\src\hotspot\share\classfile\systemDictionary.cpp, line 256]
Event: 0.456 Thread 0x00000000003934f0 Exception <a 'java/lang/ClassNotFoundException'{0x00000000a7abd820}: Tree> (0x00000000a7abd820) 
thrown [t:\workspace\open\src\hotspot\share\classfile\systemDictionary.cpp, line 256]
Event: 0.456 Thread 0x00000000003934f0 Exception <a 'java/lang/ClassNotFoundException'{0x00000000a7abdd18}: Tree> (0x00000000a7abdd18) 
thrown [t:\workspace\open\src\hotspot\share\classfile\systemDictionary.cpp, line 256]
Event: 0.456 Thread 0x00000000003934f0 Exception <a 'java/lang/ClassNotFoundException'{0x00000000a7abe088}: javax/swing/JTreeCell> (0x00000000a7abe088) 
thrown [t:\workspace\open\src\hotspot\share\classfile\systemDictionary.cpp, line 256]
Event: 0.456 Thread 0x00000000003934f0 Exception <a 'java/lang/ClassNotFoundException'{0x00000000a7abe388}: TreeCell> (0x00000000a7abe388) 
thrown [t:\workspace\open\src\hotspot\share\classfile\systemDictionary.cpp, line 256]
Event: 0.457 Thread 0x00000000003934f0 Exception <a 'java/lang/ClassNotFoundException'{0x00000000a7abeb48}: RootPane> (0x00000000a7abeb48) 
thrown [t:\workspace\open\src\hotspot\share\classfile\systemDictionary.cpp, line 256]
Event: 0.459 Thread 0x00000000003934f0 Exception <a 'java/lang/ClassNotFoundException'{0x00000000a7ac1998}: com/sun/swing/internal/plaf/metal/resources/spi/metalProvider> (0x00000000a7ac1998) 
thrown [t:\workspace\open\src\hotspot\share\classfile\systemDictionary.cpp, line 256]
Event: 0.460 Thread 0x00000000003934f0 Exception <a 'java/lang/ClassNotFoundException'{0x00000000a7ac5758}: com/sun/swing/internal/plaf/basic/resources/spi/basicProvider> (0x00000000a7ac5758) 
thrown [t:\workspace\open\src\hotspot\share\classfile\systemDictionary.cpp, line 256]
Event: 0.552 Thread 0x000000001fa24050 Exception <a 'java/lang/ClassNotFoundException'{0x00000000a79590b0}: com/sun/swing/internal/plaf/synth/resources/spi/synthProvider> (0x00000000a79590b0) 
thrown [t:\workspace\open\src\hotspot\share\classfile\systemDictionary.cpp, line 256]
Event: 0.649 Thread 0x000000001fa23b00 Exception <a 'java/lang/NoSuchMethodError'{0x00000000a7b0fa10}: 'void java.lang.invoke.DirectMethodHandle$Holder.invokeVirtual(java.lang.Object, java.lang.Object)'> (0x00000000a7b0fa10) 
thrown [t:\workspace\open\src\hotspot\share\interpreter\linkResolver.cpp, line 790]
Event: 0.664 Thread 0x000000001fa24050 Exception <a 'java/lang/NoSuchMethodError'{0x00000000a786e220}: 'void java.lang.invoke.DirectMethodHandle$Holder.invokeStaticInit(java.lang.Object)'> (0x00000000a786e220) 
thrown [t:\workspace\open\src\hotspot\share\interpreter\linkResolver.cpp, line 790]
Event: 3.629 Thread 0x000000001fa24050 Exception <a 'java/lang/NoSuchMethodError'{0x00000000a7690a00}: 'java.lang.Object java.lang.invoke.DirectMethodHandle$Holder.invokeStaticInit(java.lang.Object, int, int, int, int)'> (0x00000000a7690a00) 
thrown [t:\workspace\open\src\hotspot\share\interpreter\linkResolver.cpp, line 790]
Event: 3.700 Thread 0x000000001fa24050 Exception <a 'java/lang/NoSuchMethodError'{0x00000000a7585c88}: 'java.lang.Object java.lang.invoke.DirectMethodHandle$Holder.invokeStaticInit(java.lang.Object, java.lang.Object, int, int, int, int)'> (0x00000000a7585c88) 
thrown [t:\workspace\open\src\hotspot\share\interpreter\linkResolver.cpp, line 790]
Event: 3.907 Thread 0x000000001fa24050 Implicit null exception at 0x0000000011958ebf to 0x000000001195912c
Event: 3.908 Thread 0x000000001fa24050 Implicit null exception at 0x00000000119547cd to 0x0000000011954e7f
Event: 4.433 Thread 0x000000001fa25ae0 Exception <a 'java/lang/NoSuchMethodError'{0x00000000a6b10cc8}: 'void java.lang.invoke.DirectMethodHandle$Holder.invokeStatic(java.lang.Object, java.lang.Object)'> (0x00000000a6b10cc8) 
thrown [t:\workspace\open\src\hotspot\share\interpreter\linkResolver.cpp, line 790]

Events (20 events):
Event: 4.436 loading class sun/net/spi/DefaultProxySelector$1 done
Event: 4.437 loading class sun/net/spi/DefaultProxySelector$NonProxyInfo
Event: 4.437 loading class sun/net/spi/DefaultProxySelector$NonProxyInfo done
Event: 4.437 loading class sun/net/spi/DefaultProxySelector$3
Event: 4.437 loading class sun/net/spi/DefaultProxySelector$3 done
Event: 4.437 loading class sun/net/NetHooks
Event: 4.437 loading class sun/net/NetHooks done
Event: 4.446 loading class java/net/Socket$SocketInputStream
Event: 4.446 loading class java/net/Socket$SocketInputStream done
Event: 4.446 loading class sun/nio/ch/NioSocketImpl$1
Event: 4.446 loading class sun/nio/ch/NioSocketImpl$1 done
Event: 4.446 loading class java/io/DataOutputStream
Event: 4.446 loading class java/io/DataOutputStream done
Event: 4.447 loading class java/net/Socket$SocketOutputStream
Event: 4.447 loading class java/net/Socket$SocketOutputStream done
Event: 4.447 loading class sun/nio/ch/NioSocketImpl$2
Event: 4.447 loading class sun/nio/ch/NioSocketImpl$2 done
Event: 4.489 Executing  VM operation: G1TryInitiateConcMark
Event: 4.490 Executing  VM operation: G1TryInitiateConcMark done
Event: 4.490 Executing  VM operation: G1CollectForAllocation


Dynamic libraries:
0x000000013f8c0000 - 0x000000013f8d0000 	C:\Program Files\Java\jdk-16\bin\java.exe
0x00000000778b0000 - 0x0000000077a59000 	C:\Windows\SYSTEM32\ntdll.dll
0x000007feec910000 - 0x000007feec926000 	C:\Program Files\Avast Software\Avast\aswhook.dll
0x0000000077690000 - 0x00000000777af000 	C:\Windows\system32\kernel32.dll
0x000007fefd680000 - 0x000007fefd6ec000 	C:\Windows\system32\KERNELBASE.dll
0x000007fededd0000 - 0x000007fedede8000 	C:\Program Files\Java\jdk-16\bin\jli.dll
0x000007feff2c0000 - 0x000007feff39b000 	C:\Windows\system32\ADVAPI32.dll
0x000007fefde60000 - 0x000007fefdeff000 	C:\Windows\system32\msvcrt.dll
0x000007feff850000 - 0x000007feff86f000 	C:\Windows\SYSTEM32\sechost.dll
0x000007feff190000 - 0x000007feff2bd000 	C:\Windows\system32\RPCRT4.dll
0x000007fefbc10000 - 0x000007fefbe04000 	C:\Windows\WinSxS\amd64_microsoft.windows.common-controls_6595b64144ccf1df_6.0.7601.18837_none_fa3b1e3d17594757\COMCTL32.dll
0x000007feff3f0000 - 0x000007feff457000 	C:\Windows\system32\GDI32.dll
0x00000000777b0000 - 0x00000000778aa000 	C:\Windows\system32\USER32.dll
0x000007fefdf00000 - 0x000007fefdf0e000 	C:\Windows\system32\LPK.dll
0x000007fefecd0000 - 0x000007fefed99000 	C:\Windows\system32\USP10.dll
0x000007fefdbb0000 - 0x000007fefdc21000 	C:\Windows\system32\SHLWAPI.dll
0x000007fefc6e0000 - 0x000007fefc6ec000 	C:\Windows\system32\VERSION.dll
0x000007feec940000 - 0x000007feec959000 	C:\Program Files\Java\jdk-16\bin\VCRUNTIME140.dll
0x000007feec930000 - 0x000007feec934000 	C:\Program Files\Java\jdk-16\bin\api-ms-win-crt-runtime-l1-1-0.dll
0x000007fec9340000 - 0x000007fec943a000 	C:\Program Files\Java\jdk-16\bin\ucrtbase.DLL
0x000007fee9010000 - 0x000007fee9013000 	C:\Program Files\Java\jdk-16\bin\api-ms-win-core-localization-l1-2-0.dll
0x000007fee8a70000 - 0x000007fee8a73000 	C:\Program Files\Java\jdk-16\bin\api-ms-win-core-processthreads-l1-1-1.dll
0x000007fee8a60000 - 0x000007fee8a63000 	C:\Program Files\Java\jdk-16\bin\api-ms-win-core-file-l1-2-0.dll
0x000007fededb0000 - 0x000007fededb3000 	C:\Program Files\Java\jdk-16\bin\api-ms-win-core-timezone-l1-1-0.dll
0x000007fededc0000 - 0x000007fededc3000 	C:\Program Files\Java\jdk-16\bin\api-ms-win-core-file-l2-1-0.dll
0x000007feded90000 - 0x000007feded93000 	C:\Program Files\Java\jdk-16\bin\api-ms-win-core-synch-l1-2-0.dll
0x000007fee7040000 - 0x000007fee7043000 	C:\Program Files\Java\jdk-16\bin\api-ms-win-crt-heap-l1-1-0.dll
0x000007fee7030000 - 0x000007fee7034000 	C:\Program Files\Java\jdk-16\bin\api-ms-win-crt-string-l1-1-0.dll
0x000007fee7020000 - 0x000007fee7024000 	C:\Program Files\Java\jdk-16\bin\api-ms-win-crt-stdio-l1-1-0.dll
0x000007fee7010000 - 0x000007fee7014000 	C:\Program Files\Java\jdk-16\bin\api-ms-win-crt-convert-l1-1-0.dll
0x000007feded20000 - 0x000007feded23000 	C:\Program Files\Java\jdk-16\bin\api-ms-win-crt-environment-l1-1-0.dll
0x000007feded10000 - 0x000007feded13000 	C:\Program Files\Java\jdk-16\bin\api-ms-win-crt-filesystem-l1-1-0.dll
0x000007fee6ff0000 - 0x000007fee6ff5000 	C:\Program Files\Java\jdk-16\bin\api-ms-win-crt-math-l1-1-0.dll
0x000007fedc6c0000 - 0x000007fedc6c3000 	C:\Program Files\Java\jdk-16\bin\api-ms-win-crt-locale-l1-1-0.dll
0x000007fefdf10000 - 0x000007fefdf3e000 	C:\Windows\system32\IMM32.DLL
0x000007feff640000 - 0x000007feff749000 	C:\Windows\system32\MSCTF.dll
0x000007fee7000000 - 0x000007fee700c000 	C:\Program Files\Java\jdk-16\bin\vcruntime140_1.dll
0x000007fedc6d0000 - 0x000007fedc761000 	C:\Program Files\Java\jdk-16\bin\msvcp140.dll
0x000007feded00000 - 0x000007feded03000 	C:\Program Files\Java\jdk-16\bin\api-ms-win-crt-time-l1-1-0.dll
0x000007feded30000 - 0x000007feded33000 	C:\Program Files\Java\jdk-16\bin\api-ms-win-crt-utility-l1-1-0.dll
0x000007feb47e0000 - 0x000007feb538b000 	C:\Program Files\Java\jdk-16\bin\server\jvm.dll
0x000007fefa130000 - 0x000007fefa139000 	C:\Windows\system32\WSOCK32.dll
0x000007feff3a0000 - 0x000007feff3ed000 	C:\Windows\system32\WS2_32.dll
0x000007fefeda0000 - 0x000007fefeda8000 	C:\Windows\system32\NSI.dll
0x000007fef3e40000 - 0x000007fef3e7b000 	C:\Windows\system32\WINMM.dll
0x0000000077a80000 - 0x0000000077a87000 	C:\Windows\system32\PSAPI.DLL
0x000007fedecc0000 - 0x000007fedecca000 	C:\Program Files\Java\jdk-16\bin\jimage.dll
0x000007fefb0b0000 - 0x000007fefb1d5000 	C:\Windows\system32\DBGHELP.DLL
0x000007fedecd0000 - 0x000007fedecf5000 	C:\Program Files\Java\jdk-16\bin\java.dll
0x000007fefdf40000 - 0x000007fefecc9000 	C:\Windows\system32\SHELL32.dll
0x000007fefdc50000 - 0x000007fefde53000 	C:\Windows\system32\ole32.dll
0x000007fefd660000 - 0x000007fefd66f000 	C:\Windows\system32\profapi.dll
0x000007fedeca0000 - 0x000007fedecb9000 	C:\Program Files\Java\jdk-16\bin\net.dll
0x000007fef82c0000 - 0x000007fef8331000 	C:\Windows\system32\WINHTTP.dll
0x000007fef8250000 - 0x000007fef82b4000 	C:\Windows\system32\webio.dll
0x000007fefce40000 - 0x000007fefce95000 	C:\Windows\system32\mswsock.dll
0x000007fefce30000 - 0x000007fefce37000 	C:\Windows\System32\wship6.dll
0x000007fedc790000 - 0x000007fedc7a3000 	C:\Program Files\Java\jdk-16\bin\nio.dll
0x000007fedc770000 - 0x000007fedc788000 	C:\Program Files\Java\jdk-16\bin\zip.dll
0x000007fedb1e0000 - 0x000007fedb360000 	C:\Program Files\Java\jdk-16\bin\awt.dll
0x000007fefee50000 - 0x000007fefef27000 	C:\Windows\system32\OLEAUT32.dll
0x000007fefbb60000 - 0x000007fefbbb6000 	C:\Windows\system32\uxtheme.dll
0x000007fefc7b0000 - 0x000007fefc7c8000 	C:\Windows\system32\dwmapi.dll
0x000007fefd500000 - 0x000007fefd50f000 	C:\Windows\system32\CRYPTBASE.dll
0x000007fedc210000 - 0x000007fedc299000 	C:\Program Files\Java\jdk-16\bin\freetype.dll
0x000007fec9740000 - 0x000007fec9836000 	C:\Program Files\Java\jdk-16\bin\harfbuzz.dll
0x000007fedc670000 - 0x000007fedc682000 	C:\Program Files\Java\jdk-16\bin\fontmanager.dll
0x000007fec9840000 - 0x000007fec995d000 	C:\Windows\system32\opengl32.dll
0x000007fedc690000 - 0x000007fedc6bd000 	C:\Windows\system32\GLU32.dll
0x000007fee4720000 - 0x000007fee4811000 	C:\Windows\system32\DDRAW.dll
0x000007fee6590000 - 0x000007fee6598000 	C:\Windows\system32\DCIMAN32.dll
0x000007feff460000 - 0x000007feff637000 	C:\Windows\system32\SETUPAPI.dll
0x000007fefd8f0000 - 0x000007fefd926000 	C:\Windows\system32\CFGMGR32.dll
0x000007fefd760000 - 0x000007fefd77a000 	C:\Windows\system32\DEVOBJ.dll
0x000007feca910000 - 0x000007fecab0f000 	C:\Windows\system32\d3d9.dll
0x000007fed4330000 - 0x000007fed4337000 	C:\Windows\system32\d3d8thk.dll
0x000007feee780000 - 0x000007feee8e2000 	C:\Windows\system32\aticfx64.dll
0x000007fee46c0000 - 0x000007fee46e1000 	C:\Windows\system32\atiu9p64.dll
0x000007fed96b0000 - 0x000007fed9f0a000 	C:\Windows\system32\atiumd64.dll
0x000000006ace0000 - 0x000000006b566000 	C:\Windows\system32\atiumd6a.dll
0x000007fefc7d0000 - 0x000007fefc7fc000 	C:\Windows\system32\POWRPROF.dll
0x000007fefedb0000 - 0x000007fefee49000 	C:\Windows\system32\CLBCatQ.DLL
0x000007fefb5f0000 - 0x000007fefb751000 	C:\Windows\system32\WindowsCodecs.dll
0x000007fefd4a0000 - 0x000007fefd4f7000 	C:\Windows\system32\apphelp.dll
0x000007fef14f0000 - 0x000007fef15d7000 	C:\Users\Vuk\AppData\Local\MEGAsync\ShellExtX64.dll
0x000007fef1470000 - 0x000007fef14ef000 	C:\Program Files (x86)\Common Files\Adobe\CoreSyncExtension\CoreSync_x64.dll
0x000007feed4a0000 - 0x000007feed7df000 	C:\Program Files\Avast Software\Avast\ashShell.dll
0x000007fefb940000 - 0x000007fefbb56000 	C:\Windows\WinSxS\amd64_microsoft.windows.gdiplus_6595b64144ccf1df_1.1.7601.18946_none_2b27281071eac12c\gdiplus.dll
0x000007fefc800000 - 0x000007fefc811000 	C:\Windows\system32\WTSAPI32.dll
0x000007fef4d40000 - 0x000007fef505e000 	C:\Windows\system32\msi.dll
0x000007fef1880000 - 0x000007fef18b5000 	C:\Windows\system32\EhStorShell.dll
0x000007fefc260000 - 0x000007fefc38c000 	C:\Windows\system32\PROPSYS.dll
0x000007feedf90000 - 0x000007feee601000 	C:\Program Files\MICROS~1\Office14\GROOVEEX.DLL
0x0000000072b00000 - 0x0000000072ba3000 	C:\Windows\WinSxS\amd64_microsoft.vc90.crt_1fc8b3b9a1e18e3b_9.0.30729.6161_none_08e61857a83bc251\MSVCR90.dll
0x0000000075180000 - 0x0000000075253000 	C:\Windows\WinSxS\amd64_microsoft.vc90.crt_1fc8b3b9a1e18e3b_9.0.30729.6161_none_08e61857a83bc251\MSVCP90.dll
0x0000000074fe0000 - 0x000000007500f000 	C:\Windows\WinSxS\amd64_microsoft.vc90.atl_1fc8b3b9a1e18e3b_9.0.30729.6161_none_0a1fd3a3a768b895\ATL90.DLL
0x000007fee85a0000 - 0x000007fee89af000 	C:\Program Files\Common Files\Microsoft Shared\OFFICE14\Cultures\office.odf
0x000007fee7d30000 - 0x000007fee8594000 	C:\Program Files\MICROS~1\Office14\1033\GrooveIntlResource.dll
0x000007fefcea0000 - 0x000007fefceb8000 	C:\Windows\system32\CRYPTSP.dll
0x000007fefcba0000 - 0x000007fefcbe7000 	C:\Windows\system32\rsaenh.dll
0x000007fefd740000 - 0x000007fefd75e000 	C:\Windows\system32\USERENV.dll
0x000007fefa890000 - 0x000007fefa8b7000 	C:\Windows\system32\IPHLPAPI.DLL
0x000007fefa880000 - 0x000007fefa88b000 	C:\Windows\system32\WINNSI.DLL
0x000007fefa690000 - 0x000007fefa6a8000 	C:\Windows\system32\dhcpcsvc.DLL
0x000007fefa670000 - 0x000007fefa681000 	C:\Windows\system32\dhcpcsvc6.DLL
0x000007fefc820000 - 0x000007fefc827000 	C:\Windows\System32\wshtcpip.dll
0x000007fefccc0000 - 0x000007fefcd1b000 	C:\Windows\system32\DNSAPI.dll
0x000007fef1980000 - 0x000007fef1988000 	C:\Windows\system32\rasadhlp.dll
0x000007fefa730000 - 0x000007fefa783000 	C:\Windows\System32\fwpuclnt.dll

dbghelp: loaded successfully - version: 4.0.5 - missing functions: none
symbol engine: initialized successfully - sym options: 0x614 - pdb path: .;C:\Program Files\Java\jdk-16\bin;C:\Windows\SYSTEM32;C:\Program Files\Avast Software\Avast;C:\Windows\WinSxS\amd64_microsoft.windows.common-controls_6595b64144ccf1df_6.0.7601.18837_none_fa3b1e3d17594757;C:\Program Files\Java\jdk-16\bin\server;C:\Users\Vuk\AppData\Local\MEGAsync;C:\Program Files (x86)\Common Files\Adobe\CoreSyncExtension;C:\Windows\WinSxS\amd64_microsoft.windows.gdiplus_6595b64144ccf1df_1.1.7601.18946_none_2b27281071eac12c;C:\Program Files\MICROS~1\Office14;C:\Windows\WinSxS\amd64_microsoft.vc90.crt_1fc8b3b9a1e18e3b_9.0.30729.6161_none_08e61857a83bc251;C:\Windows\WinSxS\amd64_microsoft.vc90.atl_1fc8b3b9a1e18e3b_9.0.30729.6161_none_0a1fd3a3a768b895;C:\Program Files\Common Files\Microsoft Shared\OFFICE14\Cultures;C:\Program Files\MICROS~1\Office14\1033

VM Arguments:
jvm_args: -Dfile.encoding=UTF-8 --module-path=C:\Users\Vuk\Documents\NetBeansProjects\CryptChat\build\classes 
java_command: cryptchat.ChatClient
java_class_path (initial): C:\Users\Vuk\Downloads\bcprov-jdk14-171.jar;C:\Users\Vuk\Documents\NetBeansProjects\CryptChat\build\classes
Launcher Type: SUN_STANDARD

[Global flags]
     intx CICompilerCount                          = 3                                         {product} {ergonomic}
     uint ConcGCThreads                            = 1                                         {product} {ergonomic}
     uint G1ConcRefinementThreads                  = 4                                         {product} {ergonomic}
   size_t G1HeapRegionSize                         = 1048576                                   {product} {ergonomic}
    uintx GCDrainStackTargetSize                   = 64                                        {product} {ergonomic}
   size_t InitialHeapSize                          = 98566144                                  {product} {ergonomic}
   size_t MarkStackSize                            = 4194304                                   {product} {ergonomic}
   size_t MaxHeapSize                              = 1574961152                                {product} {ergonomic}
   size_t MaxNewSize                               = 944766976                                 {product} {ergonomic}
   size_t MinHeapDeltaBytes                        = 1048576                                   {product} {ergonomic}
   size_t MinHeapSize                              = 8388608                                   {product} {ergonomic}
    uintx NonNMethodCodeHeapSize                   = 5832780                                {pd product} {ergonomic}
    uintx NonProfiledCodeHeapSize                  = 122912730                              {pd product} {ergonomic}
    uintx ProfiledCodeHeapSize                     = 122912730                              {pd product} {ergonomic}
    uintx ReservedCodeCacheSize                    = 251658240                              {pd product} {ergonomic}
     bool SegmentedCodeCache                       = true                                      {product} {ergonomic}
   size_t SoftMaxHeapSize                          = 1574961152                             {manageable} {ergonomic}
     bool UseCompressedClassPointers               = true                           {product lp64_product} {ergonomic}
     bool UseCompressedOops                        = true                           {product lp64_product} {ergonomic}
     bool UseG1GC                                  = true                                      {product} {ergonomic}
     bool UseLargePagesIndividualAllocation        = false                                  {pd product} {ergonomic}

Logging:
Log output configuration:
 #0: stdout all=warning uptime,level,tags
 #1: stderr all=off uptime,level,tags

Environment Variables:
PATH=C:\Program Files (x86)\NVIDIA Corporation\PhysX\Common;C:\Program Files\Common Files\Oracle\Java\javapath;C:\Program Files (x86)\Common Files\Oracle\Java\javapath;C:\Windows\system32;C:\Windows;C:\Windows\System32\Wbem;C:\Windows\System32\WindowsPowerShell\v1.0\;C:\Program Files (x86)\AMD\ATI.ACE\Core-Static;C:\Program Files\Calibre2\;C:\Program Files (x86)\ZeroTier\One\;C:\Program Files (x86)\Gpg4win\..\GnuPG\bin;C:\Program Files\MySQL\MySQL Shell 8.0\bin\;C:\PATH_programs;C:\Users\Vuk\AppData\Local\Programs\Microsoft VS Code\bin
USERNAME=Vuk
OS=Windows_NT
PROCESSOR_IDENTIFIER=Intel64 Family 6 Model 37 Stepping 5, GenuineIntel



---------------  S Y S T E M  ---------------

OS:
 Windows 7 , 64 bit Build 7601 (6.1.7601.18939)
OS uptime: 0 days 10:52 hours

CPU: total 4 (initial active 4) (2 cores per cpu, 2 threads per core) family 6 model 37 stepping 5 microcode 0x0, cx8, cmov, fxsr, ht, mmx, sse, sse2, sse3, ssse3, sse4.1, sse4.2, popcnt, tsc, tscinvbit, aes, clmul, clflush

Memory: 4k page, system-wide physical 6006M (868M free)
TotalPageFile size 12031M (AvailPageFile size 1408M)
current process WorkingSet (physical memory assigned to process): 127M, peak: 127M
current process commit charge ("private bytes"): 250M, peak: 1658M

vm_info: Java HotSpot(TM) 64-Bit Server VM (16+36-2231) for windows-amd64 JRE (16+36-2231), built on Feb  8 2021 11:43:10 by "mach5one" with MS VC++ 16.7 (VS2019)

END.
